  CharacterCoin.cpp
C:\Users\aleks\Desktop\Mario Game\MarioGame\MarioEngineAssignment\MarioEngineAssignment\Character.h(64,88): error C2220: the following warning is treated as an error
C:\Users\aleks\Desktop\Mario Game\MarioGame\MarioEngineAssignment\MarioEngineAssignment\Character.h(64,88): warning C4244: 'argument': conversion from 'int' to 'float', possible loss of data
C:\Users\aleks\Desktop\Mario Game\MarioGame\MarioEngineAssignment\MarioEngineAssignment\Character.h(64,64): warning C4244: 'argument': conversion from 'int' to 'float', possible loss of data
C:\Users\aleks\Desktop\Mario Game\MarioGame\MarioEngineAssignment\MarioEngineAssignment\CharacterCoin.cpp(9,44): warning C4244: '=': conversion from 'int' to 'float', possible loss of data
C:\Users\aleks\Desktop\Mario Game\MarioGame\MarioEngineAssignment\MarioEngineAssignment\CharacterCoin.cpp(10,42): warning C4244: '=': conversion from 'int' to 'float', possible loss of data
C:\Users\aleks\Desktop\Mario Game\MarioGame\MarioEngineAssignment\MarioEngineAssignment\CharacterCoin.cpp(15,66): warning C4838: conversion from 'float' to 'int' requires a narrowing conversion
C:\Users\aleks\Desktop\Mario Game\MarioGame\MarioEngineAssignment\MarioEngineAssignment\CharacterCoin.cpp(15,66): warning C4244: 'initializing': conversion from 'float' to 'int', possible loss of data
C:\Users\aleks\Desktop\Mario Game\MarioGame\MarioEngineAssignment\MarioEngineAssignment\CharacterCoin.cpp(15,85): warning C4838: conversion from 'float' to 'int' requires a narrowing conversion
C:\Users\aleks\Desktop\Mario Game\MarioGame\MarioEngineAssignment\MarioEngineAssignment\CharacterCoin.cpp(15,85): warning C4244: 'initializing': conversion from 'float' to 'int', possible loss of data
C:\Users\aleks\Desktop\Mario Game\MarioGame\MarioEngineAssignment\MarioEngineAssignment\CharacterCoin.cpp(17,51): warning C4838: conversion from 'float' to 'int' requires a narrowing conversion
C:\Users\aleks\Desktop\Mario Game\MarioGame\MarioEngineAssignment\MarioEngineAssignment\CharacterCoin.cpp(17,51): warning C4244: 'initializing': conversion from 'float' to 'int', possible loss of data
C:\Users\aleks\Desktop\Mario Game\MarioGame\MarioEngineAssignment\MarioEngineAssignment\CharacterCoin.cpp(17,72): warning C4838: conversion from 'float' to 'int' requires a narrowing conversion
C:\Users\aleks\Desktop\Mario Game\MarioGame\MarioEngineAssignment\MarioEngineAssignment\CharacterCoin.cpp(17,72): warning C4244: 'initializing': conversion from 'float' to 'int', possible loss of data
C:\Users\aleks\Desktop\Mario Game\MarioGame\MarioEngineAssignment\MarioEngineAssignment\CharacterCoin.cpp(17,91): warning C4838: conversion from 'float' to 'int' requires a narrowing conversion
C:\Users\aleks\Desktop\Mario Game\MarioGame\MarioEngineAssignment\MarioEngineAssignment\CharacterCoin.cpp(17,91): warning C4244: 'initializing': conversion from 'float' to 'int', possible loss of data
  CharacterGoomba.cpp
C:\Users\aleks\Desktop\Mario Game\MarioGame\MarioEngineAssignment\MarioEngineAssignment\Character.h(64,88): error C2220: the following warning is treated as an error
C:\Users\aleks\Desktop\Mario Game\MarioGame\MarioEngineAssignment\MarioEngineAssignment\Character.h(64,88): warning C4244: 'argument': conversion from 'int' to 'float', possible loss of data
C:\Users\aleks\Desktop\Mario Game\MarioGame\MarioEngineAssignment\MarioEngineAssignment\Character.h(64,64): warning C4244: 'argument': conversion from 'int' to 'float', possible loss of data
C:\Users\aleks\Desktop\Mario Game\MarioGame\MarioEngineAssignment\MarioEngineAssignment\CharacterGoomba.cpp(8,41): warning C4244: '=': conversion from 'int' to 'float', possible loss of data
C:\Users\aleks\Desktop\Mario Game\MarioGame\MarioEngineAssignment\MarioEngineAssignment\CharacterGoomba.cpp(9,45): warning C4244: '=': conversion from 'int' to 'float', possible loss of data
C:\Users\aleks\Desktop\Mario Game\MarioGame\MarioEngineAssignment\MarioEngineAssignment\CharacterGoomba.cpp(16,65): warning C4838: conversion from 'float' to 'int' requires a narrowing conversion
C:\Users\aleks\Desktop\Mario Game\MarioGame\MarioEngineAssignment\MarioEngineAssignment\CharacterGoomba.cpp(16,65): warning C4244: 'initializing': conversion from 'float' to 'int', possible loss of data
C:\Users\aleks\Desktop\Mario Game\MarioGame\MarioEngineAssignment\MarioEngineAssignment\CharacterGoomba.cpp(16,86): warning C4838: conversion from 'float' to 'int' requires a narrowing conversion
C:\Users\aleks\Desktop\Mario Game\MarioGame\MarioEngineAssignment\MarioEngineAssignment\CharacterGoomba.cpp(16,86): warning C4244: 'initializing': conversion from 'float' to 'int', possible loss of data
C:\Users\aleks\Desktop\Mario Game\MarioGame\MarioEngineAssignment\MarioEngineAssignment\CharacterGoomba.cpp(16,105): warning C4838: conversion from 'float' to 'int' requires a narrowing conversion
C:\Users\aleks\Desktop\Mario Game\MarioGame\MarioEngineAssignment\MarioEngineAssignment\CharacterGoomba.cpp(16,105): warning C4244: 'initializing': conversion from 'float' to 'int', possible loss of data
C:\Users\aleks\Desktop\Mario Game\MarioGame\MarioEngineAssignment\MarioEngineAssignment\CharacterGoomba.cpp(18,57): warning C4838: conversion from 'float' to 'int' requires a narrowing conversion
C:\Users\aleks\Desktop\Mario Game\MarioGame\MarioEngineAssignment\MarioEngineAssignment\CharacterGoomba.cpp(18,57): warning C4244: 'initializing': conversion from 'float' to 'int', possible loss of data
C:\Users\aleks\Desktop\Mario Game\MarioGame\MarioEngineAssignment\MarioEngineAssignment\CharacterGoomba.cpp(18,78): warning C4838: conversion from 'float' to 'int' requires a narrowing conversion
C:\Users\aleks\Desktop\Mario Game\MarioGame\MarioEngineAssignment\MarioEngineAssignment\CharacterGoomba.cpp(18,78): warning C4244: 'initializing': conversion from 'float' to 'int', possible loss of data
C:\Users\aleks\Desktop\Mario Game\MarioGame\MarioEngineAssignment\MarioEngineAssignment\CharacterGoomba.cpp(18,97): warning C4838: conversion from 'float' to 'int' requires a narrowing conversion
C:\Users\aleks\Desktop\Mario Game\MarioGame\MarioEngineAssignment\MarioEngineAssignment\CharacterGoomba.cpp(18,97): warning C4244: 'initializing': conversion from 'float' to 'int', possible loss of data
  CharacterKoopa.cpp
C:\Users\aleks\Desktop\Mario Game\MarioGame\MarioEngineAssignment\MarioEngineAssignment\Character.h(64,88): error C2220: the following warning is treated as an error
C:\Users\aleks\Desktop\Mario Game\MarioGame\MarioEngineAssignment\MarioEngineAssignment\Character.h(64,88): warning C4244: 'argument': conversion from 'int' to 'float', possible loss of data
C:\Users\aleks\Desktop\Mario Game\MarioGame\MarioEngineAssignment\MarioEngineAssignment\Character.h(64,64): warning C4244: 'argument': conversion from 'int' to 'float', possible loss of data
C:\Users\aleks\Desktop\Mario Game\MarioGame\MarioEngineAssignment\MarioEngineAssignment\CharacterKoopa.cpp(12,44): warning C4244: '=': conversion from 'int' to 'float', possible loss of data
C:\Users\aleks\Desktop\Mario Game\MarioGame\MarioEngineAssignment\MarioEngineAssignment\CharacterKoopa.cpp(13,42): warning C4244: '=': conversion from 'int' to 'float', possible loss of data
C:\Users\aleks\Desktop\Mario Game\MarioGame\MarioEngineAssignment\MarioEngineAssignment\CharacterKoopa.cpp(48,11): warning C4244: 'initializing': conversion from 'float' to 'int', possible loss of data
C:\Users\aleks\Desktop\Mario Game\MarioGame\MarioEngineAssignment\MarioEngineAssignment\CharacterKoopa.cpp(52,10): warning C4244: '=': conversion from 'float' to 'int', possible loss of data
C:\Users\aleks\Desktop\Mario Game\MarioGame\MarioEngineAssignment\MarioEngineAssignment\CharacterKoopa.cpp(57,40): warning C4838: conversion from 'float' to 'int' requires a narrowing conversion
C:\Users\aleks\Desktop\Mario Game\MarioGame\MarioEngineAssignment\MarioEngineAssignment\CharacterKoopa.cpp(57,40): warning C4244: 'initializing': conversion from 'float' to 'int', possible loss of data
C:\Users\aleks\Desktop\Mario Game\MarioGame\MarioEngineAssignment\MarioEngineAssignment\CharacterKoopa.cpp(57,59): warning C4838: conversion from 'float' to 'int' requires a narrowing conversion
C:\Users\aleks\Desktop\Mario Game\MarioGame\MarioEngineAssignment\MarioEngineAssignment\CharacterKoopa.cpp(57,59): warning C4244: 'initializing': conversion from 'float' to 'int', possible loss of data
C:\Users\aleks\Desktop\Mario Game\MarioGame\MarioEngineAssignment\MarioEngineAssignment\CharacterKoopa.cpp(60,66): warning C4838: conversion from 'float' to 'int' requires a narrowing conversion
C:\Users\aleks\Desktop\Mario Game\MarioGame\MarioEngineAssignment\MarioEngineAssignment\CharacterKoopa.cpp(60,66): warning C4244: 'initializing': conversion from 'float' to 'int', possible loss of data
C:\Users\aleks\Desktop\Mario Game\MarioGame\MarioEngineAssignment\MarioEngineAssignment\CharacterKoopa.cpp(60,85): warning C4838: conversion from 'float' to 'int' requires a narrowing conversion
C:\Users\aleks\Desktop\Mario Game\MarioGame\MarioEngineAssignment\MarioEngineAssignment\CharacterKoopa.cpp(60,85): warning C4244: 'initializing': conversion from 'float' to 'int', possible loss of data
  Collisions.cpp
C:\Users\aleks\Desktop\Mario Game\MarioGame\MarioEngineAssignment\MarioEngineAssignment\Character.h(64,88): error C2220: the following warning is treated as an error
C:\Users\aleks\Desktop\Mario Game\MarioGame\MarioEngineAssignment\MarioEngineAssignment\Character.h(64,88): warning C4244: 'argument': conversion from 'int' to 'float', possible loss of data
C:\Users\aleks\Desktop\Mario Game\MarioGame\MarioEngineAssignment\MarioEngineAssignment\Character.h(64,64): warning C4244: 'argument': conversion from 'int' to 'float', possible loss of data
  GameScreenLevel1.cpp
C:\Users\aleks\Desktop\Mario Game\MarioGame\MarioEngineAssignment\MarioEngineAssignment\Character.h(64,88): error C2220: the following warning is treated as an error
C:\Users\aleks\Desktop\Mario Game\MarioGame\MarioEngineAssignment\MarioEngineAssignment\Character.h(64,88): warning C4244: 'argument': conversion from 'int' to 'float', possible loss of data
C:\Users\aleks\Desktop\Mario Game\MarioGame\MarioEngineAssignment\MarioEngineAssignment\Character.h(64,64): warning C4244: 'argument': conversion from 'int' to 'float', possible loss of data
C:\Users\aleks\Desktop\Mario Game\MarioGame\MarioEngineAssignment\MarioEngineAssignment\GameScreenLevel1.cpp(17,12): warning C4244: 'argument': conversion from 'time_t' to 'unsigned int', possible loss of data
C:\Users\aleks\Desktop\Mario Game\MarioGame\MarioEngineAssignment\MarioEngineAssignment\GameScreenLevel1.cpp(48,20): warning C4018: '<': signed/unsigned mismatch
C:\Users\aleks\Desktop\Mario Game\MarioGame\MarioEngineAssignment\MarioEngineAssignment\GameScreenLevel1.cpp(53,20): warning C4018: '<': signed/unsigned mismatch
C:\Users\aleks\Desktop\Mario Game\MarioGame\MarioEngineAssignment\MarioEngineAssignment\GameScreenLevel1.cpp(58,20): warning C4018: '<': signed/unsigned mismatch
C:\Users\aleks\Desktop\Mario Game\MarioGame\MarioEngineAssignment\MarioEngineAssignment\GameScreenLevel1.cpp(104,40): warning C4244: 'argument': conversion from 'int' to 'float', possible loss of data
C:\Users\aleks\Desktop\Mario Game\MarioGame\MarioEngineAssignment\MarioEngineAssignment\GameScreenLevel1.cpp(108,40): warning C4244: 'argument': conversion from 'int' to 'float', possible loss of data
  GameScreenLevel2.cpp
C:\Users\aleks\Desktop\Mario Game\MarioGame\MarioEngineAssignment\MarioEngineAssignment\Character.h(64,88): error C2220: the following warning is treated as an error
C:\Users\aleks\Desktop\Mario Game\MarioGame\MarioEngineAssignment\MarioEngineAssignment\Character.h(64,88): warning C4244: 'argument': conversion from 'int' to 'float', possible loss of data
C:\Users\aleks\Desktop\Mario Game\MarioGame\MarioEngineAssignment\MarioEngineAssignment\Character.h(64,64): warning C4244: 'argument': conversion from 'int' to 'float', possible loss of data
C:\Users\aleks\Desktop\Mario Game\MarioGame\MarioEngineAssignment\MarioEngineAssignment\GameScreenLevel2.cpp(17,12): warning C4244: 'argument': conversion from 'time_t' to 'unsigned int', possible loss of data
C:\Users\aleks\Desktop\Mario Game\MarioGame\MarioEngineAssignment\MarioEngineAssignment\GameScreenLevel2.cpp(48,20): warning C4018: '<': signed/unsigned mismatch
C:\Users\aleks\Desktop\Mario Game\MarioGame\MarioEngineAssignment\MarioEngineAssignment\GameScreenLevel2.cpp(53,20): warning C4018: '<': signed/unsigned mismatch
C:\Users\aleks\Desktop\Mario Game\MarioGame\MarioEngineAssignment\MarioEngineAssignment\GameScreenLevel2.cpp(58,20): warning C4018: '<': signed/unsigned mismatch
C:\Users\aleks\Desktop\Mario Game\MarioGame\MarioEngineAssignment\MarioEngineAssignment\GameScreenLevel2.cpp(104,40): warning C4244: 'argument': conversion from 'int' to 'float', possible loss of data
C:\Users\aleks\Desktop\Mario Game\MarioGame\MarioEngineAssignment\MarioEngineAssignment\GameScreenLevel2.cpp(108,40): warning C4244: 'argument': conversion from 'int' to 'float', possible loss of data
  GameScreenManager.cpp
C:\Users\aleks\Desktop\Mario Game\MarioGame\MarioEngineAssignment\MarioEngineAssignment\Character.h(64,88): error C2220: the following warning is treated as an error
C:\Users\aleks\Desktop\Mario Game\MarioGame\MarioEngineAssignment\MarioEngineAssignment\Character.h(64,88): warning C4244: 'argument': conversion from 'int' to 'float', possible loss of data
C:\Users\aleks\Desktop\Mario Game\MarioGame\MarioEngineAssignment\MarioEngineAssignment\Character.h(64,64): warning C4244: 'argument': conversion from 'int' to 'float', possible loss of data
  MarioCharacter.cpp
C:\Users\aleks\Desktop\Mario Game\MarioGame\MarioEngineAssignment\MarioEngineAssignment\Character.h(64,88): error C2220: the following warning is treated as an error
C:\Users\aleks\Desktop\Mario Game\MarioGame\MarioEngineAssignment\MarioEngineAssignment\Character.h(64,88): warning C4244: 'argument': conversion from 'int' to 'float', possible loss of data
C:\Users\aleks\Desktop\Mario Game\MarioGame\MarioEngineAssignment\MarioEngineAssignment\Character.h(64,64): warning C4244: 'argument': conversion from 'int' to 'float', possible loss of data
  Texture2D.cpp
C:\Users\aleks\Desktop\Mario Game\MarioGame\MarioEngineAssignment\MarioEngineAssignment\Texture2D.cpp(69,41): error C2220: the following warning is treated as an error
C:\Users\aleks\Desktop\Mario Game\MarioGame\MarioEngineAssignment\MarioEngineAssignment\Texture2D.cpp(69,41): warning C4838: conversion from 'float' to 'int' requires a narrowing conversion
C:\Users\aleks\Desktop\Mario Game\MarioGame\MarioEngineAssignment\MarioEngineAssignment\Texture2D.cpp(69,41): warning C4244: 'initializing': conversion from 'float' to 'int', possible loss of data
C:\Users\aleks\Desktop\Mario Game\MarioGame\MarioEngineAssignment\MarioEngineAssignment\Texture2D.cpp(69,57): warning C4838: conversion from 'float' to 'int' requires a narrowing conversion
C:\Users\aleks\Desktop\Mario Game\MarioGame\MarioEngineAssignment\MarioEngineAssignment\Texture2D.cpp(69,57): warning C4244: 'initializing': conversion from 'float' to 'int', possible loss of data
  Generating Code...
